<?xml version="1.0" encoding="UTF-8"?>
<testsuite name="RESTFUL - BOOKER #9" tests="1" skipped="0" failures="0" errors="0" timestamp="2024-03-07T15:40:13" hostname="PE-IT001279.bbrouter" time="2.181">
  <properties/>
  <testcase name="[CP013]  Validar que no se pueda actualizar una reserva eliminada" classname="RESTFUL - BOOKER #9" time="2.181"/>
  <system-out><![CDATA[Request method:	PUT
Request URI:	https://restful-booker.herokuapp.com/booking/122
Proxy:			<none>
Request params:	<none>
Query params:	<none>
Form params:	<none>
Path params:	<none>
Headers:		Accept=application/json
				Cookie=token=abc123
				Authorization=Basic YWRtaW46cGFzc3dvcmQxMjM=
				Content-Type=application/json
Cookies:		<none>
Multiparts:		<none>
Body:
{
    "firstname": "Roberto",
    "lastname": "Mechan",
    "totalprice": "3000",
    "depositpaid": true,
    "bookingdates": {
        "checkin": "2025-11-07",
        "checkout": "2025-11-07"
    },
    "additionalneeds": "Breakfast"
}
HTTP/1.1 405 Method Not Allowed
Server: Cowboy
Report-To: {"group":"heroku-nel","max_age":3600,"endpoints":[{"url":"https://nel.heroku.com/reports?ts=1709826015&sid=c46efe9b-d3d2-4a0c-8c76-bfafa16c5add&s=XmB70SRrmzYyEgldzjzrOKVY4tWyLYNCBKLG3lR5c24%3D"}]}
Reporting-Endpoints: heroku-nel=https://nel.heroku.com/reports?ts=1709826015&sid=c46efe9b-d3d2-4a0c-8c76-bfafa16c5add&s=XmB70SRrmzYyEgldzjzrOKVY4tWyLYNCBKLG3lR5c24%3D
Nel: {"report_to":"heroku-nel","max_age":3600,"success_fraction":0.005,"failure_fraction":0.05,"response_headers":["Via"]}
Connection: keep-alive
X-Powered-By: Express
Content-Type: text/plain; charset=utf-8
Content-Length: 18
Etag: W/"12-UGJMK66P4abaBlq0vKHJaCKuGCA"
Date: Thu, 07 Mar 2024 15:40:15 GMT
Via: 1.1 vegur

Method Not Allowed
La respuesta del servicio es:Method Not Allowed
]]></system-out>
  <system-err><![CDATA[[Test worker] INFO  - 
  _____   ___   ___   _____     ___   _____     _     ___   _____   ___   ___  
 |_   _| | __| / __| |_   _|   / __| |_   _|   /_\   | _ \ |_   _| | __| |   \ 
   | |   | _|  \__ \   | |     \__ \   | |    / _ \  |   /   | |   | _|  | |) |
   |_|   |___| |___/   |_|     |___/   |_|   /_/ \_\ |_|_\   |_|   |___| |___/ 

[CP013]  Validar que no se pueda actualizar una reserva eliminada(restful---booker;[cp013]--validar-que-no-se-pueda-actualizar-una-reserva-eliminada)
--------------------------------------------------------------------------------
[Test worker] INFO  - 
  _____   ___   ___   _____     ___     _     ___   ___   ___   ___  
 |_   _| | __| / __| |_   _|   | _ \   /_\   / __| / __| | __| |   \ 
   | |   | _|  \__ \   | |     |  _/  / _ \  \__ \ \__ \ | _|  | |) |
   |_|   |___| |___/   |_|     |_|   /_/ \_\ |___/ |___/ |___| |___/ 

[CP013]  Validar que no se pueda actualizar una reserva eliminada
----------------------------------------------------------------------
]]></system-err>
</testsuite>
